<?xml version="1.0" encoding="UTF-8"?>
<!-- Generated by org.testng.reporters.JUnitReportReporter -->
<testsuite hostname="LAPTOP-4DPE75CE" failures="0" tests="1" name="com.practice.Test.LoginTest" time="43.794" errors="0" timestamp="2023-04-08T23:45:13 IST" skipped="0">
  <testcase classname="com.practice.Test.LoginTest" name="OpenFacebookPageAndClickCreateAccount" time="43.794"/>
  <system-out/>
</testsuite> <!-- com.practice.Test.LoginTest -->
