<?xml version="1.0" encoding="UTF-8"?>
<!-- Generated by org.testng.reporters.JUnitReportReporter -->
<testsuite skipped="0" hostname="LAPTOP-4DPE75CE" name="com.practice.Test.LoginTest" tests="1" failures="0" timestamp="13 Apr 2023 10:27:57 GMT" time="43.504" errors="0">
  <testcase name="OpenFacebookPageAndClickCreateAccount" time="43.504" classname="com.practice.Test.LoginTest"/>
</testsuite> <!-- com.practice.Test.LoginTest -->
